<?xml version="1.0" encoding="UTF-8"?>
<testng-results ignored="0" total="1" passed="1" failed="0" skipped="0">
  <reporter-output>
  </reporter-output>
  <suite started-at="2022-10-17T17:40:34 CEST" name="Surefire suite" finished-at="2022-10-17T17:40:39 CEST" duration-ms="5273">
    <groups>
    </groups>
    <test started-at="2022-10-17T17:40:34 CEST" name="Surefire test" finished-at="2022-10-17T17:40:39 CEST" duration-ms="5273">
      <class name="automation.SelenideTest">
        <test-method signature="userCanLoginByUsername()" started-at="2022-10-17T17:40:34 CEST" name="userCanLoginByUsername" finished-at="2022-10-17T17:40:39 CEST" duration-ms="5234" status="PASS">
          <reporter-output>
          </reporter-output>
        </test-method> <!-- userCanLoginByUsername -->
      </class> <!-- automation.SelenideTest -->
    </test> <!-- Surefire test -->
  </suite> <!-- Surefire suite -->
</testng-results>
