<?xml version="1.0" encoding="UTF-8"?>
<testng-results ignored="0" total="2" passed="2" failed="0" skipped="0">
  <reporter-output>
  </reporter-output>
  <suite started-at="2022-10-17T17:40:15 CEST" name="Surefire suite" finished-at="2022-10-17T17:40:29 CEST" duration-ms="13976">
    <groups>
    </groups>
    <test started-at="2022-10-17T17:40:15 CEST" name="Surefire test" finished-at="2022-10-17T17:40:29 CEST" duration-ms="13976">
      <class name="automation.ChromeTest">
        <test-method signature="testGoogleSearch()[pri:0, instance:automation.ChromeTest@e874448]" started-at="2022-10-17T17:40:29 CEST" name="testGoogleSearch" finished-at="2022-10-17T17:40:29 CEST" duration-ms="1" status="PASS">
          <reporter-output>
          </reporter-output>
        </test-method> <!-- testGoogleSearch -->
      </class> <!-- automation.ChromeTest -->
      <class name="automation.AppTest">
        <test-method signature="shouldAnswerWithTrue()[pri:0, instance:automation.AppTest@1500955a]" started-at="2022-10-17T17:40:15 CEST" name="shouldAnswerWithTrue" finished-at="2022-10-17T17:40:29 CEST" duration-ms="13956" status="PASS">
          <reporter-output>
          </reporter-output>
        </test-method> <!-- shouldAnswerWithTrue -->
      </class> <!-- automation.AppTest -->
    </test> <!-- Surefire test -->
  </suite> <!-- Surefire suite -->
</testng-results>
