<?xml version="1.0" encoding="UTF-8"?>
<testsuite xmlns:xsi="http://www.w3.org/2001/XMLSchema-instance" xsi:schemaLocation="https://maven.apache.org/surefire/maven-surefire-plugin/xsd/surefire-test-report.xsd" name="TestSuite" time="21.706" tests="2" errors="0" skipped="0" failures="0">
  <properties>
[...]
</properties>
  <testcase name="firstSearchResult" classname="automation.testNG.test.SearchTestsTestng" time="5.9"/>
  <testcase name="searchResultsAreEmpty" classname="automation.testNG.test.SearchTestsTestng" time="2.433"/>
</testsuite>