<?xml version="1.0" encoding="UTF-8"?>
<testng-results ignored="0" total="2" passed="2" failed="0" skipped="0">
  <reporter-output>
  </reporter-output>
  <suite started-at="2022-11-07T15:21:19 CET" name="All tests" finished-at="2022-11-07T15:21:27 CET" duration-ms="8562">
    <groups>
    </groups>
    <test started-at="2022-11-07T15:21:19 CET" name="All tests" finished-at="2022-11-07T15:21:27 CET" duration-ms="8562">
      <class name="automation.testNG.test.SearchTestsTestng">
        <test-method is-config="true" signature="browserSetUp()[pri:0, instance:automation.testNG.test.SearchTestsTestng@3cec79d3]" started-at="2022-11-07T15:21:19 CET" name="browserSetUp" finished-at="2022-11-07T15:21:19 CET" duration-ms="6" status="PASS">
          <reporter-output>
          </reporter-output>
        </test-method> <!-- browserSetUp -->
        <test-method signature="firstSearchResult()[pri:0, instance:automation.testNG.test.SearchTestsTestng@3cec79d3]" started-at="2022-11-07T15:21:19 CET" name="firstSearchResult" description="First search result test" finished-at="2022-11-07T15:21:25 CET" duration-ms="5899" status="PASS">
          <reporter-output>
          </reporter-output>
        </test-method> <!-- firstSearchResult -->
        <test-method is-config="true" signature="browserSetUp()[pri:0, instance:automation.testNG.test.SearchTestsTestng@3cec79d3]" started-at="2022-11-07T15:21:25 CET" name="browserSetUp" finished-at="2022-11-07T15:21:25 CET" duration-ms="1" status="PASS">
          <reporter-output>
          </reporter-output>
        </test-method> <!-- browserSetUp -->
        <test-method signature="searchResultsAreEmpty()[pri:0, instance:automation.testNG.test.SearchTestsTestng@3cec79d3]" started-at="2022-11-07T15:21:25 CET" name="searchResultsAreEmpty" description="Empty search results test" finished-at="2022-11-07T15:21:27 CET" duration-ms="2433" status="PASS">
          <reporter-output>
          </reporter-output>
        </test-method> <!-- searchResultsAreEmpty -->
        <test-method is-config="true" signature="browserTearDown()[pri:0, instance:automation.testNG.test.SearchTestsTestng@3cec79d3]" started-at="2022-11-07T15:21:27 CET" name="browserTearDown" finished-at="2022-11-07T15:21:27 CET" duration-ms="199" status="PASS">
          <reporter-output>
          </reporter-output>
        </test-method> <!-- browserTearDown -->
      </class> <!-- automation.testNG.test.SearchTestsTestng -->
    </test> <!-- All tests -->
  </suite> <!-- All tests -->
</testng-results>
